# JRE version: OpenJDK Runtime Environment (17.0.11) (build 17.0.11+0--11852314)
# Java VM: OpenJDK 64-Bit Server VM (17.0.11+0--11852314, mixed mode, tiered, compressed oops, compressed class ptrs, g1 gc, windows-amd64)
GC Precious Log:
 CPUs: 16 total, 16 available
 Memory: 49056M
 Large Page Support: Disabled
 NUMA Support: Disabled
 Compressed Oops: Enabled (32-bit)
 Heap Region Size: 1M
 Heap Min Capacity: 8M
 Heap Initial Capacity: 768M
 Heap Max Capacity: 2G
 Pre-touch: Disabled
 Parallel Workers: 13
 Concurrent Workers: 3
 Concurrent Refinement Workers: 13
 Periodic GC: Disabled
Heap:
 garbage-first heap   total 71680K, used 32657K [0x0000000080000000, 0x0000000100000000)
  region size 1024K, 4 young (4096K), 4 survivors (4096K)
 Metaspace       used 45413K, committed 45760K, reserved 1114112K
  class space    used 6110K, committed 6272K, reserved 1048576K
GC Heap History (19 events):
Event: 0.900 GC heap before
{Heap before GC invocations=0 (full 0):
 garbage-first heap   total 786432K, used 43008K [0x0000000080000000, 0x0000000100000000)
  region size 1024K, 38 young (38912K), 0 survivors (0K)
 Metaspace       used 11488K, committed 11648K, reserved 1114112K
  class space    used 1196K, committed 1280K, reserved 1048576K
}
Event: 0.905 GC heap after
{Heap after GC invocations=1 (full 0):
 garbage-first heap   total 786432K, used 10938K [0x0000000080000000, 0x0000000100000000)
  region size 1024K, 5 young (5120K), 5 survivors (5120K)
 Metaspace       used 11488K, committed 11648K, reserved 1114112K
  class space    used 1196K, committed 1280K, reserved 1048576K
}
Event: 1.395 GC heap before
{Heap before GC invocations=1 (full 0):
 garbage-first heap   total 786432K, used 53946K [0x0000000080000000, 0x0000000100000000)
  region size 1024K, 46 young (47104K), 5 survivors (5120K)
 Metaspace       used 15832K, committed 16064K, reserved 1114112K
  class space    used 1767K, committed 1856K, reserved 1048576K
}
Event: 1.399 GC heap after
{Heap after GC invocations=2 (full 0):
 garbage-first heap   total 786432K, used 17646K [0x0000000080000000, 0x0000000100000000)
  region size 1024K, 6 young (6144K), 6 survivors (6144K)
 Metaspace       used 15832K, committed 16064K, reserved 1114112K
  class space    used 1767K, committed 1856K, reserved 1048576K
}
Event: 1.917 GC heap before
{Heap before GC invocations=2 (full 0):
 garbage-first heap   total 786432K, used 41198K [0x0000000080000000, 0x0000000100000000)
  region size 1024K, 30 young (30720K), 6 survivors (6144K)
 Metaspace       used 21282K, committed 21504K, reserved 1114112K
  class space    used 2506K, committed 2624K, reserved 1048576K
}
Event: 1.919 GC heap after
{Heap after GC invocations=3 (full 0):
 garbage-first heap   total 786432K, used 19211K [0x0000000080000000, 0x0000000100000000)
  region size 1024K, 8 young (8192K), 8 survivors (8192K)
 Metaspace       used 21282K, committed 21504K, reserved 1114112K
  class space    used 2506K, committed 2624K, reserved 1048576K
}
Event: 2.334 GC heap before
{Heap before GC invocations=4 (full 0):
 garbage-first heap   total 71680K, used 54027K [0x0000000080000000, 0x0000000100000000)
  region size 1024K, 42 young (43008K), 8 survivors (8192K)
 Metaspace       used 26262K, committed 26560K, reserved 1114112K
  class space    used 3370K, committed 3520K, reserved 1048576K
}
Event: 2.338 GC heap after
{Heap after GC invocations=5 (full 0):
 garbage-first heap   total 71680K, used 21242K [0x0000000080000000, 0x0000000100000000)
  region size 1024K, 4 young (4096K), 4 survivors (4096K)
 Metaspace       used 26262K, committed 26560K, reserved 1114112K
  class space    used 3370K, committed 3520K, reserved 1048576K
}
Event: 2.687 GC heap before
{Heap before GC invocations=5 (full 0):
 garbage-first heap   total 71680K, used 49914K [0x0000000080000000, 0x0000000100000000)
  region size 1024K, 32 young (32768K), 4 survivors (4096K)
 Metaspace       used 30106K, committed 30464K, reserved 1114112K
  class space    used 4003K, committed 4160K, reserved 1048576K
}
Event: 2.690 GC heap after
{Heap after GC invocations=6 (full 0):
 garbage-first heap   total 71680K, used 22941K [0x0000000080000000, 0x0000000100000000)
  region size 1024K, 4 young (4096K), 4 survivors (4096K)
 Metaspace       used 30106K, committed 30464K, reserved 1114112K
  class space    used 4003K, committed 4160K, reserved 1048576K
}
Event: 66.162 GC heap before
{Heap before GC invocations=6 (full 0):
 garbage-first heap   total 71680K, used 52637K [0x0000000080000000, 0x0000000100000000)
  region size 1024K, 33 young (33792K), 4 survivors (4096K)
 Metaspace       used 33837K, committed 34112K, reserved 1114112K
  class space    used 4607K, committed 4736K, reserved 1048576K
}
Event: 66.165 GC heap after
{Heap after GC invocations=7 (full 0):
 garbage-first heap   total 71680K, used 24307K [0x0000000080000000, 0x0000000100000000)
  region size 1024K, 4 young (4096K), 4 survivors (4096K)
 Metaspace       used 33837K, committed 34112K, reserved 1114112K
  class space    used 4607K, committed 4736K, reserved 1048576K
}
Event: 66.286 GC heap before
{Heap before GC invocations=7 (full 0):
 garbage-first heap   total 71680K, used 34547K [0x0000000080000000, 0x0000000100000000)
  region size 1024K, 16 young (16384K), 4 survivors (4096K)
 Metaspace       used 35732K, committed 35968K, reserved 1114112K
  class space    used 4873K, committed 4992K, reserved 1048576K
}
Event: 66.293 GC heap after
{Heap after GC invocations=8 (full 0):
 garbage-first heap   total 71680K, used 24935K [0x0000000080000000, 0x0000000100000000)
  region size 1024K, 2 young (2048K), 2 survivors (2048K)
 Metaspace       used 35732K, committed 35968K, reserved 1114112K
  class space    used 4873K, committed 4992K, reserved 1048576K
}
Event: 66.630 GC heap before
{Heap before GC invocations=9 (full 0):
 garbage-first heap   total 71680K, used 53607K [0x0000000080000000, 0x0000000100000000)
  region size 1024K, 31 young (31744K), 2 survivors (2048K)
 Metaspace       used 41583K, committed 41984K, reserved 1114112K
  class space    used 5487K, committed 5696K, reserved 1048576K
}
Event: 66.633 GC heap after
{Heap after GC invocations=10 (full 0):
 garbage-first heap   total 71680K, used 28579K [0x0000000080000000, 0x0000000100000000)
  region size 1024K, 4 young (4096K), 4 survivors (4096K)
 Metaspace       used 41583K, committed 41984K, reserved 1114112K
  class space    used 5487K, committed 5696K, reserved 1048576K
}
Event: 66.782 GC heap before
{Heap before GC invocations=10 (full 0):
 garbage-first heap   total 71680K, used 55203K [0x0000000080000000, 0x0000000100000000)
  region size 1024K, 30 young (30720K), 4 survivors (4096K)
 Metaspace       used 42675K, committed 43072K, reserved 1114112K
  class space    used 5662K, committed 5824K, reserved 1048576K
}
Event: 66.786 GC heap after
{Heap after GC invocations=11 (full 0):
 garbage-first heap   total 71680K, used 30693K [0x0000000080000000, 0x0000000100000000)
  region size 1024K, 2 young (2048K), 2 survivors (2048K)
 Metaspace       used 42675K, committed 43072K, reserved 1114112K
  class space    used 5662K, committed 5824K, reserved 1048576K
}
Event: 67.110 GC heap before
{Heap before GC invocations=11 (full 0):
 garbage-first heap   total 71680K, used 54245K [0x0000000080000000, 0x0000000100000000)
  region size 1024K, 26 young (26624K), 2 survivors (2048K)
 Metaspace       used 45413K, committed 45760K, reserved 1114112K
  class space    used 6110K, committed 6272K, reserved 1048576K
}

