# JRE version: OpenJDK Runtime Environment (17.0.11) (build 17.0.11+0--11852314)
# Java VM: OpenJDK 64-Bit Server VM (17.0.11+0--11852314, mixed mode, tiered, compressed oops, compressed class ptrs, g1 gc, windows-amd64)
GC Precious Log:
 CPUs: 16 total, 16 available
 Memory: 49056M
 Large Page Support: Disabled
 NUMA Support: Disabled
 Compressed Oops: Enabled (32-bit)
 Heap Region Size: 1M
 Heap Min Capacity: 8M
 Heap Initial Capacity: 768M
 Heap Max Capacity: 2G
 Pre-touch: Disabled
 Parallel Workers: 13
 Concurrent Workers: 3
 Concurrent Refinement Workers: 13
 Periodic GC: Disabled
Heap:
 garbage-first heap   total 461824K, used 129455K [0x0000000080000000, 0x0000000100000000)
  region size 1024K, 40 young (40960K), 23 survivors (23552K)
 Metaspace       used 125888K, committed 126720K, reserved 1179648K
  class space    used 16763K, committed 17152K, reserved 1048576K
GC Heap History (20 events):
Event: 28.924 GC heap before
{Heap before GC invocations=19 (full 0):
 garbage-first heap   total 137216K, used 108990K [0x0000000080000000, 0x0000000100000000)
  region size 1024K, 52 young (53248K), 7 survivors (7168K)
 Metaspace       used 81522K, committed 82112K, reserved 1179648K
  class space    used 10939K, committed 11200K, reserved 1048576K
}
Event: 28.927 GC heap after
{Heap after GC invocations=20 (full 0):
 garbage-first heap   total 137216K, used 65440K [0x0000000080000000, 0x0000000100000000)
  region size 1024K, 3 young (3072K), 3 survivors (3072K)
 Metaspace       used 81522K, committed 82112K, reserved 1179648K
  class space    used 10939K, committed 11200K, reserved 1048576K
}
Event: 29.250 GC heap before
{Heap before GC invocations=20 (full 0):
 garbage-first heap   total 137216K, used 108448K [0x0000000080000000, 0x0000000100000000)
  region size 1024K, 46 young (47104K), 3 survivors (3072K)
 Metaspace       used 84211K, committed 84800K, reserved 1179648K
  class space    used 11267K, committed 11520K, reserved 1048576K
}
Event: 29.253 GC heap after
{Heap after GC invocations=21 (full 0):
 garbage-first heap   total 137216K, used 69012K [0x0000000080000000, 0x0000000100000000)
  region size 1024K, 6 young (6144K), 6 survivors (6144K)
 Metaspace       used 84211K, committed 84800K, reserved 1179648K
  class space    used 11267K, committed 11520K, reserved 1048576K
}
Event: 29.615 GC heap before
{Heap before GC invocations=22 (full 0):
 garbage-first heap   total 137216K, used 110996K [0x0000000080000000, 0x0000000100000000)
  region size 1024K, 46 young (47104K), 6 survivors (6144K)
 Metaspace       used 86934K, committed 87488K, reserved 1179648K
  class space    used 11717K, committed 11968K, reserved 1048576K
}
Event: 29.618 GC heap after
{Heap after GC invocations=23 (full 0):
 garbage-first heap   total 137216K, used 70433K [0x0000000080000000, 0x0000000100000000)
  region size 1024K, 2 young (2048K), 2 survivors (2048K)
 Metaspace       used 86934K, committed 87488K, reserved 1179648K
  class space    used 11717K, committed 11968K, reserved 1048576K
}
Event: 29.652 GC heap before
{Heap before GC invocations=23 (full 0):
 garbage-first heap   total 137216K, used 74529K [0x0000000080000000, 0x0000000100000000)
  region size 1024K, 6 young (6144K), 2 survivors (2048K)
 Metaspace       used 87240K, committed 87808K, reserved 1179648K
  class space    used 11774K, committed 12032K, reserved 1048576K
}
Event: 29.654 GC heap after
{Heap after GC invocations=24 (full 0):
 garbage-first heap   total 137216K, used 70212K [0x0000000080000000, 0x0000000100000000)
  region size 1024K, 1 young (1024K), 1 survivors (1024K)
 Metaspace       used 87240K, committed 87808K, reserved 1179648K
  class space    used 11774K, committed 12032K, reserved 1048576K
}
Event: 30.067 GC heap before
{Heap before GC invocations=24 (full 0):
 garbage-first heap   total 137216K, used 112196K [0x0000000080000000, 0x0000000100000000)
  region size 1024K, 42 young (43008K), 1 survivors (1024K)
 Metaspace       used 90344K, committed 90944K, reserved 1179648K
  class space    used 12342K, committed 12608K, reserved 1048576K
}
Event: 30.069 GC heap after
{Heap after GC invocations=25 (full 0):
 garbage-first heap   total 137216K, used 71759K [0x0000000080000000, 0x0000000100000000)
  region size 1024K, 2 young (2048K), 2 survivors (2048K)
 Metaspace       used 90344K, committed 90944K, reserved 1179648K
  class space    used 12342K, committed 12608K, reserved 1048576K
}
Event: 30.467 GC heap before
{Heap before GC invocations=26 (full 0):
 garbage-first heap   total 137216K, used 112719K [0x0000000080000000, 0x0000000100000000)
  region size 1024K, 42 young (43008K), 2 survivors (2048K)
 Metaspace       used 93586K, committed 94272K, reserved 1179648K
  class space    used 12803K, committed 13120K, reserved 1048576K
}
Event: 30.472 GC heap after
{Heap after GC invocations=27 (full 0):
 garbage-first heap   total 461824K, used 74082K [0x0000000080000000, 0x0000000100000000)
  region size 1024K, 5 young (5120K), 5 survivors (5120K)
 Metaspace       used 93586K, committed 94272K, reserved 1179648K
  class space    used 12803K, committed 13120K, reserved 1048576K
}
Event: 30.674 GC heap before
{Heap before GC invocations=27 (full 0):
 garbage-first heap   total 461824K, used 90466K [0x0000000080000000, 0x0000000100000000)
  region size 1024K, 22 young (22528K), 5 survivors (5120K)
 Metaspace       used 94875K, committed 95616K, reserved 1179648K
  class space    used 13003K, committed 13376K, reserved 1048576K
}
Event: 30.677 GC heap after
{Heap after GC invocations=28 (full 0):
 garbage-first heap   total 461824K, used 74869K [0x0000000080000000, 0x0000000100000000)
  region size 1024K, 1 young (1024K), 1 survivors (1024K)
 Metaspace       used 94875K, committed 95616K, reserved 1179648K
  class space    used 13003K, committed 13376K, reserved 1048576K
}
Event: 32.429 GC heap before
{Heap before GC invocations=28 (full 0):
 garbage-first heap   total 461824K, used 354421K [0x0000000080000000, 0x0000000100000000)
  region size 1024K, 270 young (276480K), 1 survivors (1024K)
 Metaspace       used 104693K, committed 105472K, reserved 1179648K
  class space    used 14266K, committed 14656K, reserved 1048576K
}
Event: 32.442 GC heap after
{Heap after GC invocations=29 (full 0):
 garbage-first heap   total 461824K, used 90291K [0x0000000080000000, 0x0000000100000000)
  region size 1024K, 17 young (17408K), 17 survivors (17408K)
 Metaspace       used 104693K, committed 105472K, reserved 1179648K
  class space    used 14266K, committed 14656K, reserved 1048576K
}
Event: 3678.677 GC heap before
{Heap before GC invocations=29 (full 0):
 garbage-first heap   total 461824K, used 348339K [0x0000000080000000, 0x0000000100000000)
  region size 1024K, 270 young (276480K), 17 survivors (17408K)
 Metaspace       used 112443K, committed 113280K, reserved 1179648K
  class space    used 14995K, committed 15424K, reserved 1048576K
}
Event: 3678.692 GC heap after
{Heap after GC invocations=30 (full 0):
 garbage-first heap   total 461824K, used 100001K [0x0000000080000000, 0x0000000100000000)
  region size 1024K, 26 young (26624K), 26 survivors (26624K)
 Metaspace       used 112443K, committed 113280K, reserved 1179648K
  class space    used 14995K, committed 15424K, reserved 1048576K
}
Event: 3989.368 GC heap before
{Heap before GC invocations=30 (full 0):
 garbage-first heap   total 461824K, used 352929K [0x0000000080000000, 0x0000000100000000)
  region size 1024K, 270 young (276480K), 26 survivors (26624K)
 Metaspace       used 124271K, committed 125184K, reserved 1179648K
  class space    used 16525K, committed 16960K, reserved 1048576K
}
Event: 3989.384 GC heap after
{Heap after GC invocations=31 (full 0):
 garbage-first heap   total 461824K, used 114095K [0x0000000080000000, 0x0000000100000000)
  region size 1024K, 23 young (23552K), 23 survivors (23552K)
 Metaspace       used 124271K, committed 125184K, reserved 1179648K
  class space    used 16525K, committed 16960K, reserved 1048576K
}

